<?xml version="1.0" encoding="UTF-8"?>
<testng-results ignored="0" total="2" passed="2" failed="0" skipped="0">
  <reporter-output>
  </reporter-output>
  <suite started-at="2024-02-15T13:26:01 BDT" name="Default suite" finished-at="2024-02-15T13:28:50 BDT" duration-ms="169268">
    <groups>
    </groups>
    <test started-at="2024-02-15T13:26:01 BDT" name="Default test" finished-at="2024-02-15T13:28:50 BDT" duration-ms="169268">
      <class name="assignmentPackage.BaseClass2">
        <test-method is-config="true" signature="ReportSetUp()[pri:0, instance:assignmentPackage.BaseClass2@169e6180]" started-at="2024-02-15T13:26:01 BDT" name="ReportSetUp" finished-at="2024-02-15T13:26:01 BDT" duration-ms="342" status="PASS">
          <reporter-output>
          </reporter-output>
        </test-method> <!-- ReportSetUp -->
        <test-method is-config="true" signature="DeviceSetUp()[pri:0, instance:assignmentPackage.BaseClass2@169e6180]" started-at="2024-02-15T13:26:01 BDT" name="DeviceSetUp" finished-at="2024-02-15T13:26:19 BDT" duration-ms="18265" status="PASS">
          <reporter-output>
          </reporter-output>
        </test-method> <!-- DeviceSetUp -->
        <test-method signature="VerifyItemAdditionToCart()[pri:1, instance:assignmentPackage.BaseClass2@169e6180]" started-at="2024-02-15T13:26:19 BDT" name="VerifyItemAdditionToCart" finished-at="2024-02-15T13:27:02 BDT" duration-ms="42542" status="PASS">
          <reporter-output>
          </reporter-output>
        </test-method> <!-- VerifyItemAdditionToCart -->
        <test-method signature="VerifyOrderConfirmation()[pri:2, instance:assignmentPackage.BaseClass2@169e6180]" started-at="2024-02-15T13:27:02 BDT" name="VerifyOrderConfirmation" finished-at="2024-02-15T13:28:49 BDT" duration-ms="107632" status="PASS">
          <reporter-output>
          </reporter-output>
        </test-method> <!-- VerifyOrderConfirmation -->
        <test-method is-config="true" signature="TearDown()[pri:0, instance:assignmentPackage.BaseClass2@169e6180]" started-at="2024-02-15T13:28:49 BDT" name="TearDown" finished-at="2024-02-15T13:28:50 BDT" duration-ms="746" status="PASS">
          <reporter-output>
          </reporter-output>
        </test-method> <!-- TearDown -->
        <test-method is-config="true" signature="ReportTearDown()[pri:0, instance:assignmentPackage.BaseClass2@169e6180]" started-at="2024-02-15T13:28:50 BDT" name="ReportTearDown" finished-at="2024-02-15T13:28:52 BDT" duration-ms="1344" status="PASS">
          <reporter-output>
          </reporter-output>
        </test-method> <!-- ReportTearDown -->
      </class> <!-- assignmentPackage.BaseClass2 -->
    </test> <!-- Default test -->
  </suite> <!-- Default suite -->
</testng-results>
